# JRE version: OpenJDK Runtime Environment (21.0.10) (build 21.0.10+-14961533-b1163.108)
# Java VM: OpenJDK 64-Bit Server VM (21.0.10+-14961533-b1163.108, mixed mode, tiered, compressed oops, compressed class ptrs, g1 gc, windows-amd64)
GC Precious Log:
 CardTable entry size: 512
 Card Set container configuration: InlinePtr #cards 4 size 8 Array Of Cards #cards 16 size 48 Howl #buckets 8 coarsen threshold 3686 Howl Bitmap #cards 512 size 80 coarsen threshold 460 Card regions per heap region 1 cards per card region 4096
 CPUs: 8 total, 8 available
 Memory: 16177M
 Large Page Support: Disabled
 NUMA Support: Disabled
 Compressed Oops: Enabled (Zero based)
 Heap Region Size: 2M
 Heap Min Capacity: 8M
 Heap Initial Capacity: 254M
 Heap Max Capacity: 4046M
 Pre-touch: Disabled
 Parallel Workers: 8
 Concurrent Workers: 2
 Concurrent Refinement Workers: 8
 Periodic GC: Disabled
Heap:
 garbage-first heap   total 153600K, used 81238K [0x0000000703200000, 0x0000000800000000)
  region size 2048K, 10 young (20480K), 4 survivors (8192K)
 Metaspace       used 66639K, committed 66880K, reserved 1114112K
  class space    used 7759K, committed 7872K, reserved 1048576K
GC Heap History (20 events):
Event: 3.098 GC heap before
{Heap before GC invocations=1 (full 0):
 garbage-first heap   total 260096K, used 27608K [0x0000000703200000, 0x0000000800000000)
  region size 2048K, 14 young (28672K), 2 survivors (4096K)
 Metaspace       used 21334K, committed 21504K, reserved 1114112K
  class space    used 2237K, committed 2304K, reserved 1048576K
}
Event: 3.104 GC heap after
{Heap after GC invocations=2 (full 0):
 garbage-first heap   total 260096K, used 8326K [0x0000000703200000, 0x0000000800000000)
  region size 2048K, 3 young (6144K), 3 survivors (6144K)
 Metaspace       used 21334K, committed 21504K, reserved 1114112K
  class space    used 2237K, committed 2304K, reserved 1048576K
}
Event: 4.048 GC heap before
{Heap before GC invocations=3 (full 0):
 garbage-first heap   total 34816K, used 32902K [0x0000000703200000, 0x0000000800000000)
  region size 2048K, 15 young (30720K), 3 survivors (6144K)
 Metaspace       used 26353K, committed 26624K, reserved 1114112K
  class space    used 2858K, committed 3008K, reserved 1048576K
}
Event: 4.062 GC heap after
{Heap after GC invocations=4 (full 0):
 garbage-first heap   total 45056K, used 14329K [0x0000000703200000, 0x0000000800000000)
  region size 2048K, 5 young (10240K), 5 survivors (10240K)
 Metaspace       used 26353K, committed 26624K, reserved 1114112K
  class space    used 2858K, committed 3008K, reserved 1048576K
}
Event: 4.692 GC heap before
{Heap before GC invocations=4 (full 0):
 garbage-first heap   total 45056K, used 30713K [0x0000000703200000, 0x0000000800000000)
  region size 2048K, 13 young (26624K), 5 survivors (10240K)
 Metaspace       used 29607K, committed 29824K, reserved 1114112K
  class space    used 3235K, committed 3328K, reserved 1048576K
}
Event: 4.709 GC heap after
{Heap after GC invocations=5 (full 0):
 garbage-first heap   total 45056K, used 16370K [0x0000000703200000, 0x0000000800000000)
  region size 2048K, 2 young (4096K), 2 survivors (4096K)
 Metaspace       used 29607K, committed 29824K, reserved 1114112K
  class space    used 3235K, committed 3328K, reserved 1048576K
}
Event: 5.465 GC heap before
{Heap before GC invocations=5 (full 0):
 garbage-first heap   total 45056K, used 32754K [0x0000000703200000, 0x0000000800000000)
  region size 2048K, 10 young (20480K), 2 survivors (4096K)
 Metaspace       used 34503K, committed 34688K, reserved 1114112K
  class space    used 4275K, committed 4352K, reserved 1048576K
}
Event: 5.475 GC heap after
{Heap after GC invocations=6 (full 0):
 garbage-first heap   total 45056K, used 17447K [0x0000000703200000, 0x0000000800000000)
  region size 2048K, 2 young (4096K), 2 survivors (4096K)
 Metaspace       used 34503K, committed 34688K, reserved 1114112K
  class space    used 4275K, committed 4352K, reserved 1048576K
}
Event: 5.680 GC heap before
{Heap before GC invocations=6 (full 0):
 garbage-first heap   total 45056K, used 21543K [0x0000000703200000, 0x0000000800000000)
  region size 2048K, 5 young (10240K), 2 survivors (4096K)
 Metaspace       used 35753K, committed 35968K, reserved 1114112K
  class space    used 4428K, committed 4544K, reserved 1048576K
}
Event: 5.690 GC heap after
{Heap after GC invocations=7 (full 0):
 garbage-first heap   total 45056K, used 17652K [0x0000000703200000, 0x0000000800000000)
  region size 2048K, 1 young (2048K), 1 survivors (2048K)
 Metaspace       used 35753K, committed 35968K, reserved 1114112K
  class space    used 4428K, committed 4544K, reserved 1048576K
}
Event: 6.471 GC heap before
{Heap before GC invocations=8 (full 0):
 garbage-first heap   total 45056K, used 36084K [0x0000000703200000, 0x0000000800000000)
  region size 2048K, 10 young (20480K), 1 survivors (2048K)
 Metaspace       used 40227K, committed 40448K, reserved 1114112K
  class space    used 4875K, committed 4992K, reserved 1048576K
}
Event: 6.482 GC heap after
{Heap after GC invocations=9 (full 0):
 garbage-first heap   total 153600K, used 18309K [0x0000000703200000, 0x0000000800000000)
  region size 2048K, 2 young (4096K), 2 survivors (4096K)
 Metaspace       used 40227K, committed 40448K, reserved 1114112K
  class space    used 4875K, committed 4992K, reserved 1048576K
}
Event: 10.431 GC heap before
{Heap before GC invocations=9 (full 0):
 garbage-first heap   total 153600K, used 104325K [0x0000000703200000, 0x0000000800000000)
  region size 2048K, 45 young (92160K), 2 survivors (4096K)
 Metaspace       used 50691K, committed 51008K, reserved 1114112K
  class space    used 5921K, committed 6080K, reserved 1048576K
}
Event: 10.486 GC heap after
{Heap after GC invocations=10 (full 0):
 garbage-first heap   total 153600K, used 39349K [0x0000000703200000, 0x0000000800000000)
  region size 2048K, 6 young (12288K), 6 survivors (12288K)
 Metaspace       used 50691K, committed 51008K, reserved 1114112K
  class space    used 5921K, committed 6080K, reserved 1048576K
}
Event: 13.280 GC heap before
{Heap before GC invocations=10 (full 0):
 garbage-first heap   total 153600K, used 94645K [0x0000000703200000, 0x0000000800000000)
  region size 2048K, 34 young (69632K), 6 survivors (12288K)
 Metaspace       used 59879K, committed 60160K, reserved 1114112K
  class space    used 7077K, committed 7232K, reserved 1048576K
}
Event: 13.313 GC heap after
{Heap after GC invocations=11 (full 0):
 garbage-first heap   total 153600K, used 50004K [0x0000000703200000, 0x0000000800000000)
  region size 2048K, 5 young (10240K), 5 survivors (10240K)
 Metaspace       used 59879K, committed 60160K, reserved 1114112K
  class space    used 7077K, committed 7232K, reserved 1048576K
}
Event: 15.965 GC heap before
{Heap before GC invocations=12 (full 0):
 garbage-first heap   total 153600K, used 109396K [0x0000000703200000, 0x0000000800000000)
  region size 2048K, 34 young (69632K), 5 survivors (10240K)
 Metaspace       used 64812K, committed 65088K, reserved 1114112K
  class space    used 7701K, committed 7808K, reserved 1048576K
}
Event: 16.008 GC heap after
{Heap after GC invocations=13 (full 0):
 garbage-first heap   total 153600K, used 62464K [0x0000000703200000, 0x0000000800000000)
  region size 2048K, 5 young (10240K), 5 survivors (10240K)
 Metaspace       used 64812K, committed 65088K, reserved 1114112K
  class space    used 7701K, committed 7808K, reserved 1048576K
}
Event: 19.287 GC heap before
{Heap before GC invocations=13 (full 0):
 garbage-first heap   total 153600K, used 115712K [0x0000000703200000, 0x0000000800000000)
  region size 2048K, 31 young (63488K), 5 survivors (10240K)
 Metaspace       used 66254K, committed 66560K, reserved 1114112K
  class space    used 7735K, committed 7872K, reserved 1048576K
}
Event: 19.327 GC heap after
{Heap after GC invocations=14 (full 0):
 garbage-first heap   total 153600K, used 70998K [0x0000000703200000, 0x0000000800000000)
  region size 2048K, 4 young (8192K), 4 survivors (8192K)
 Metaspace       used 66254K, committed 66560K, reserved 1114112K
  class space    used 7735K, committed 7872K, reserved 1048576K
}

